<?xml version="1.0" encoding="UTF-8"?>
<!-- Generated by org.testng.reporters.JUnitXMLReporter -->
<testsuite hostname="admin-PC" ignored="10" name="Test" tests="8" failures="0" timestamp="2019-11-12T19:55:37 IST" time="33.13" errors="0">
  <testcase name="deletePet" time="5.342" classname="testcases.RemovePet"/>
  <testcase name="getPetDetails" time="4.011" classname="testcases.GetPetDetailsById"/>
  <testcase name="petRegistration" time="1.652" classname="testcases.PetManagement"/>
  <testcase name="updatePetDetails" time="1.697" classname="testcases.UpdatePet"/>
  <testcase name="getPetDetails" time="1.59" classname="testcases.PetManagement"/>
  <testcase name="updatePetDetails" time="1.721" classname="testcases.PetManagement"/>
  <testcase name="deletePetDetails" time="3.663" classname="testcases.PetManagement"/>
  <testcase name="petRegistration" time="1.965" classname="testcases.RegisterPet"/>
  <testcase name="@BeforeSuite setUpRequest" time="0.0" classname="test.base.TestBase">
    <ignored/>
  </testcase> <!-- @BeforeSuite setUpRequest -->
  <testcase name="@BeforeSuite setUpRequest" time="0.0" classname="test.base.TestBase">
    <ignored/>
  </testcase> <!-- @BeforeSuite setUpRequest -->
  <testcase name="@BeforeSuite setUpRequest" time="0.0" classname="test.base.TestBase">
    <ignored/>
  </testcase> <!-- @BeforeSuite setUpRequest -->
  <testcase name="@BeforeSuite setUpRequest" time="0.0" classname="test.base.TestBase">
    <ignored/>
  </testcase> <!-- @BeforeSuite setUpRequest -->
  <testcase name="@BeforeSuite setUpRequest" time="0.0" classname="test.base.TestBase">
    <ignored/>
  </testcase> <!-- @BeforeSuite setUpRequest -->
  <testcase name="@BeforeTest setUpTestData" time="0.0" classname="test.base.TestBase">
    <ignored/>
  </testcase> <!-- @BeforeTest setUpTestData -->
  <testcase name="@BeforeTest setUpTestData" time="0.0" classname="test.base.TestBase">
    <ignored/>
  </testcase> <!-- @BeforeTest setUpTestData -->
  <testcase name="@BeforeTest setUpTestData" time="0.0" classname="test.base.TestBase">
    <ignored/>
  </testcase> <!-- @BeforeTest setUpTestData -->
  <testcase name="@BeforeTest setUpTestData" time="0.0" classname="test.base.TestBase">
    <ignored/>
  </testcase> <!-- @BeforeTest setUpTestData -->
  <testcase name="@BeforeTest setUpTestData" time="0.0" classname="test.base.TestBase">
    <ignored/>
  </testcase> <!-- @BeforeTest setUpTestData -->
</testsuite> <!-- Test -->
