<?xml version="1.0" encoding="UTF-8"?>
<!-- Generated by org.testng.reporters.JUnitXMLReporter -->
<testsuite hostname="admin-PC" ignored="10" name="Test" tests="8" failures="1" timestamp="2019-11-12T14:03:14 IST" time="26.791" errors="0">
  <testcase name="deletePetDetails" time="1.905" classname="testcases.RemovePet">
    <failure type="java.lang.AssertionError" message="expected [200] but found [404]">
      <![CDATA[java.lang.AssertionError: expected [200] but found [404]
at testcases.RemovePet.deletePetDetails(RemovePet.java:16)
at java.util.ArrayList.forEach(ArrayList.java:1257)
... Removed 32 stack frames]]>
    </failure>
  </testcase> <!-- deletePetDetails -->
  <testcase name="getPetDetails" time="1.935" classname="testcases.GetPetDetailsById"/>
  <testcase name="petRegistration" time="1.964" classname="testcases.PetManagement"/>
  <testcase name="updatePetDetails" time="1.841" classname="testcases.UpdatePet"/>
  <testcase name="getPetDetails" time="1.807" classname="testcases.PetManagement"/>
  <testcase name="updatePetDetails" time="1.724" classname="testcases.PetManagement"/>
  <testcase name="deletePetDetails" time="1.635" classname="testcases.PetManagement"/>
  <testcase name="petRegistration" time="1.664" classname="testcases.RegisterPet"/>
  <testcase name="@BeforeSuite setUpRequest" time="0.0" classname="test.base.TestBase">
    <ignored/>
  </testcase> <!-- @BeforeSuite setUpRequest -->
  <testcase name="@BeforeSuite setUpRequest" time="0.0" classname="test.base.TestBase">
    <ignored/>
  </testcase> <!-- @BeforeSuite setUpRequest -->
  <testcase name="@BeforeSuite setUpRequest" time="0.0" classname="test.base.TestBase">
    <ignored/>
  </testcase> <!-- @BeforeSuite setUpRequest -->
  <testcase name="@BeforeSuite setUpRequest" time="0.0" classname="test.base.TestBase">
    <ignored/>
  </testcase> <!-- @BeforeSuite setUpRequest -->
  <testcase name="@BeforeSuite setUpRequest" time="0.0" classname="test.base.TestBase">
    <ignored/>
  </testcase> <!-- @BeforeSuite setUpRequest -->
  <testcase name="@BeforeTest setUpTestData" time="0.0" classname="test.base.TestBase">
    <ignored/>
  </testcase> <!-- @BeforeTest setUpTestData -->
  <testcase name="@BeforeTest setUpTestData" time="0.0" classname="test.base.TestBase">
    <ignored/>
  </testcase> <!-- @BeforeTest setUpTestData -->
  <testcase name="@BeforeTest setUpTestData" time="0.0" classname="test.base.TestBase">
    <ignored/>
  </testcase> <!-- @BeforeTest setUpTestData -->
  <testcase name="@BeforeTest setUpTestData" time="0.0" classname="test.base.TestBase">
    <ignored/>
  </testcase> <!-- @BeforeTest setUpTestData -->
  <testcase name="@BeforeTest setUpTestData" time="0.0" classname="test.base.TestBase">
    <ignored/>
  </testcase> <!-- @BeforeTest setUpTestData -->
</testsuite> <!-- Test -->
