<?xml version="1.0" encoding="UTF-8"?>
<testng-results skipped="0" failed="0" ignored="0" total="1" passed="1">
  <reporter-output>
  </reporter-output>
  <suite name="Default suite" duration-ms="13769" started-at="2019-11-30T11:58:06 IST" finished-at="2019-11-30T11:58:20 IST">
    <groups>
    </groups>
    <test name="Default test" duration-ms="13769" started-at="2019-11-30T11:58:06 IST" finished-at="2019-11-30T11:58:20 IST">
      <class name="testcases.Way1_Misc_Old">
        <test-method status="PASS" signature="testWithPathAndQueryParam()[pri:0, instance:testcases.Way1_Misc_Old@185d8b6]" name="testWithPathAndQueryParam" duration-ms="13543" started-at="2019-11-30T11:58:06 IST" finished-at="2019-11-30T11:58:20 IST">
          <reporter-output>
          </reporter-output>
        </test-method> <!-- testWithPathAndQueryParam -->
      </class> <!-- testcases.Way1_Misc_Old -->
    </test> <!-- Default test -->
  </suite> <!-- Default suite -->
</testng-results>
