<?xml version="1.0" encoding="UTF-8"?>
<testng-results skipped="0" failed="0" ignored="10" total="18" passed="8">
  <reporter-output>
    <line>
      <![CDATA[Setting up test data.]]>
    </line>
    <line>
      <![CDATA[POST Request URL is : https://petstore.swagger.io/v2/pet]]>
    </line>
    <line>
      <![CDATA[POST Request Body is : {"id":11,"category":{"id":0,"name":"string"},"name":"doggie-10","photoUrls":["string"],"tags":[{"id":0,"name":"string0"},{"id":1,"name":"string1"}],"status":"available"}]]>
    </line>
    <line>
      <![CDATA[POST Response Code is : 200]]>
    </line>
    <line>
      <![CDATA[POST Response Body is : {"id":11,"category":{"id":0,"name":"string"},"name":"doggie-10","photoUrls":["string"],"tags":[{"id":0,"name":"string0"},{"id":1,"name":"string1"}],"status":"available"}]]>
    </line>
    <line>
      <![CDATA[PetId is set to: 11]]>
    </line>
    <line>
      <![CDATA[******************************************]]>
    </line>
    <line>
      <![CDATA[---Test STARTED--->testcases.RemovePet.deletePet]]>
    </line>
    <line>
      <![CDATA[Setting up test data.]]>
    </line>
    <line>
      <![CDATA[POST Request URL is : https://petstore.swagger.io/v2/pet]]>
    </line>
    <line>
      <![CDATA[POST Request Body is : {"id":11,"category":{"id":0,"name":"string"},"name":"doggie-10","photoUrls":["string"],"tags":[{"id":0,"name":"string0"},{"id":1,"name":"string1"}],"status":"available"}]]>
    </line>
    <line>
      <![CDATA[POST Response Code is : 200]]>
    </line>
    <line>
      <![CDATA[POST Response Body is : {"id":11,"category":{"id":0,"name":"string"},"name":"doggie-10","photoUrls":["string"],"tags":[{"id":0,"name":"string0"},{"id":1,"name":"string1"}],"status":"available"}]]>
    </line>
    <line>
      <![CDATA[PetId is set to: 11]]>
    </line>
    <line>
      <![CDATA[DELETE Request URL is : https://petstore.swagger.io/v2/pet/11]]>
    </line>
    <line>
      <![CDATA[DELETE Response Code is : 200]]>
    </line>
    <line>
      <![CDATA[---Test PASSED--->testcases.RemovePet.deletePet]]>
    </line>
    <line>
      <![CDATA[******************************************]]>
    </line>
    <line>
      <![CDATA[---Test STARTED--->testcases.GetPetDetailsById.getPetDetails]]>
    </line>
    <line>
      <![CDATA[Setting up test data.]]>
    </line>
    <line>
      <![CDATA[POST Request URL is : https://petstore.swagger.io/v2/pet]]>
    </line>
    <line>
      <![CDATA[POST Request Body is : {"id":11,"category":{"id":0,"name":"string"},"name":"doggie-10","photoUrls":["string"],"tags":[{"id":0,"name":"string0"},{"id":1,"name":"string1"}],"status":"available"}]]>
    </line>
    <line>
      <![CDATA[POST Response Code is : 200]]>
    </line>
    <line>
      <![CDATA[POST Response Body is : {"id":11,"category":{"id":0,"name":"string"},"name":"doggie-10","photoUrls":["string"],"tags":[{"id":0,"name":"string0"},{"id":1,"name":"string1"}],"status":"available"}]]>
    </line>
    <line>
      <![CDATA[PetId is set to: 11]]>
    </line>
    <line>
      <![CDATA[GET Request URL is : https://petstore.swagger.io/v2/pet/11]]>
    </line>
    <line>
      <![CDATA[GET Response Code is : 200]]>
    </line>
    <line>
      <![CDATA[GET Response Body is : {"id":11,"category":{"id":0,"name":"string"},"name":"doggie-10","photoUrls":["string"],"tags":[{"id":0,"name":"string0"},{"id":1,"name":"string1"}],"status":"available"}]]>
    </line>
    <line>
      <![CDATA[---Test PASSED--->testcases.GetPetDetailsById.getPetDetails]]>
    </line>
    <line>
      <![CDATA[******************************************]]>
    </line>
    <line>
      <![CDATA[---Test STARTED--->testcases.PetManagement.petRegistration]]>
    </line>
    <line>
      <![CDATA[POST Request URL is : https://petstore.swagger.io/v2/pet]]>
    </line>
    <line>
      <![CDATA[POST Request Body is : {"id":11,"category":{"id":0,"name":"string"},"name":"doggie-10","photoUrls":["string"],"tags":[{"id":0,"name":"string0"},{"id":1,"name":"string1"}],"status":"available"}]]>
    </line>
    <line>
      <![CDATA[POST Response Code is : 200]]>
    </line>
    <line>
      <![CDATA[POST Response Body is : {"id":11,"category":{"id":0,"name":"string"},"name":"doggie-10","photoUrls":["string"],"tags":[{"id":0,"name":"string0"},{"id":1,"name":"string1"}],"status":"available"}]]>
    </line>
    <line>
      <![CDATA[---Test PASSED--->testcases.PetManagement.petRegistration]]>
    </line>
    <line>
      <![CDATA[******************************************]]>
    </line>
    <line>
      <![CDATA[---Test STARTED--->testcases.UpdatePet.updatePetDetails]]>
    </line>
    <line>
      <![CDATA[PUT Request URL is : https://petstore.swagger.io/v2/pet]]>
    </line>
    <line>
      <![CDATA[PUT Request Body is : {"id":11,"category":{"id":0,"name":"string"},"name":"doggie-10","photoUrls":["string"],"tags":[{"id":0,"name":"string0"},{"id":1,"name":"string1"}],"status":"available"}]]>
    </line>
    <line>
      <![CDATA[PUT Response Code is : 200]]>
    </line>
    <line>
      <![CDATA[PUT Response Body is : {"id":11,"category":{"id":0,"name":"string"},"name":"doggie-10","photoUrls":["string"],"tags":[{"id":0,"name":"string0"},{"id":1,"name":"string1"}],"status":"available"}]]>
    </line>
    <line>
      <![CDATA[---Test PASSED--->testcases.UpdatePet.updatePetDetails]]>
    </line>
    <line>
      <![CDATA[******************************************]]>
    </line>
    <line>
      <![CDATA[---Test STARTED--->testcases.PetManagement.getPetDetails]]>
    </line>
    <line>
      <![CDATA[GET Request URL is : https://petstore.swagger.io/v2/pet/11]]>
    </line>
    <line>
      <![CDATA[GET Response Code is : 200]]>
    </line>
    <line>
      <![CDATA[GET Response Body is : {"id":11,"category":{"id":0,"name":"string"},"name":"doggie-10","photoUrls":["string"],"tags":[{"id":0,"name":"string0"},{"id":1,"name":"string1"}],"status":"available"}]]>
    </line>
    <line>
      <![CDATA[---Test PASSED--->testcases.PetManagement.getPetDetails]]>
    </line>
    <line>
      <![CDATA[******************************************]]>
    </line>
    <line>
      <![CDATA[---Test STARTED--->testcases.PetManagement.updatePetDetails]]>
    </line>
    <line>
      <![CDATA[PUT Request URL is : https://petstore.swagger.io/v2/pet]]>
    </line>
    <line>
      <![CDATA[PUT Request Body is : {"id":11,"category":{"id":0,"name":"string"},"name":"doggie-10","photoUrls":["string"],"tags":[{"id":0,"name":"string0"},{"id":1,"name":"string1"}],"status":"available"}]]>
    </line>
    <line>
      <![CDATA[PUT Response Code is : 200]]>
    </line>
    <line>
      <![CDATA[PUT Response Body is : {"id":11,"category":{"id":0,"name":"string"},"name":"doggie-10","photoUrls":["string"],"tags":[{"id":0,"name":"string0"},{"id":1,"name":"string1"}],"status":"available"}]]>
    </line>
    <line>
      <![CDATA[---Test PASSED--->testcases.PetManagement.updatePetDetails]]>
    </line>
    <line>
      <![CDATA[******************************************]]>
    </line>
    <line>
      <![CDATA[---Test STARTED--->testcases.PetManagement.deletePetDetails]]>
    </line>
    <line>
      <![CDATA[Setting up test data.]]>
    </line>
    <line>
      <![CDATA[POST Request URL is : https://petstore.swagger.io/v2/pet]]>
    </line>
    <line>
      <![CDATA[POST Request Body is : {"id":11,"category":{"id":0,"name":"string"},"name":"doggie-10","photoUrls":["string"],"tags":[{"id":0,"name":"string0"},{"id":1,"name":"string1"}],"status":"available"}]]>
    </line>
    <line>
      <![CDATA[POST Response Code is : 200]]>
    </line>
    <line>
      <![CDATA[POST Response Body is : {"id":11,"category":{"id":0,"name":"string"},"name":"doggie-10","photoUrls":["string"],"tags":[{"id":0,"name":"string0"},{"id":1,"name":"string1"}],"status":"available"}]]>
    </line>
    <line>
      <![CDATA[PetId is set to: 11]]>
    </line>
    <line>
      <![CDATA[DELETE Request URL is : https://petstore.swagger.io/v2/pet/11]]>
    </line>
    <line>
      <![CDATA[DELETE Response Code is : 200]]>
    </line>
    <line>
      <![CDATA[---Test PASSED--->testcases.PetManagement.deletePetDetails]]>
    </line>
    <line>
      <![CDATA[******************************************]]>
    </line>
    <line>
      <![CDATA[---Test STARTED--->testcases.RegisterPet.petRegistration]]>
    </line>
    <line>
      <![CDATA[POST Request URL is : https://petstore.swagger.io/v2/pet]]>
    </line>
    <line>
      <![CDATA[POST Request Body is : {"id":11,"category":{"id":0,"name":"string"},"name":"doggie-10","photoUrls":["string"],"tags":[{"id":0,"name":"string0"},{"id":1,"name":"string1"}],"status":"available"}]]>
    </line>
    <line>
      <![CDATA[POST Response Code is : 200]]>
    </line>
    <line>
      <![CDATA[POST Response Body is : {"id":11,"category":{"id":0,"name":"string"},"name":"doggie-10","photoUrls":["string"],"tags":[{"id":0,"name":"string0"},{"id":1,"name":"string1"}],"status":"available"}]]>
    </line>
    <line>
      <![CDATA[---Test PASSED--->testcases.RegisterPet.petRegistration]]>
    </line>
  </reporter-output>
  <suite name="ServiceSuite" duration-ms="33130" started-at="2019-11-12T19:55:03 IST" finished-at="2019-11-12T19:55:36 IST">
    <groups>
    </groups>
    <test name="Test" duration-ms="33130" started-at="2019-11-12T19:55:03 IST" finished-at="2019-11-12T19:55:36 IST">
      <class name="testcases.RemovePet">
        <test-method status="PASS" signature="deletePet()[pri:0, instance:testcases.RemovePet@6321e813]" name="deletePet" duration-ms="5342" started-at="2019-11-12T19:55:15 IST" finished-at="2019-11-12T19:55:20 IST">
          <reporter-output>
            <line>
              <![CDATA[******************************************]]>
            </line>
            <line>
              <![CDATA[---Test STARTED--->testcases.RemovePet.deletePet]]>
            </line>
            <line>
              <![CDATA[Setting up test data.]]>
            </line>
            <line>
              <![CDATA[POST Request URL is : https://petstore.swagger.io/v2/pet]]>
            </line>
            <line>
              <![CDATA[POST Request Body is : {"id":11,"category":{"id":0,"name":"string"},"name":"doggie-10","photoUrls":["string"],"tags":[{"id":0,"name":"string0"},{"id":1,"name":"string1"}],"status":"available"}]]>
            </line>
            <line>
              <![CDATA[POST Response Code is : 200]]>
            </line>
            <line>
              <![CDATA[POST Response Body is : {"id":11,"category":{"id":0,"name":"string"},"name":"doggie-10","photoUrls":["string"],"tags":[{"id":0,"name":"string0"},{"id":1,"name":"string1"}],"status":"available"}]]>
            </line>
            <line>
              <![CDATA[PetId is set to: 11]]>
            </line>
            <line>
              <![CDATA[DELETE Request URL is : https://petstore.swagger.io/v2/pet/11]]>
            </line>
            <line>
              <![CDATA[DELETE Response Code is : 200]]>
            </line>
            <line>
              <![CDATA[---Test PASSED--->testcases.RemovePet.deletePet]]>
            </line>
          </reporter-output>
        </test-method> <!-- deletePet -->
      </class> <!-- testcases.RemovePet -->
      <class name="testcases.RegisterPet">
        <test-method status="PASS" signature="petRegistration()[pri:0, instance:testcases.RegisterPet@4973813a]" name="petRegistration" duration-ms="1965" started-at="2019-11-12T19:55:34 IST" finished-at="2019-11-12T19:55:36 IST">
          <reporter-output>
            <line>
              <![CDATA[******************************************]]>
            </line>
            <line>
              <![CDATA[---Test STARTED--->testcases.RegisterPet.petRegistration]]>
            </line>
            <line>
              <![CDATA[POST Request URL is : https://petstore.swagger.io/v2/pet]]>
            </line>
            <line>
              <![CDATA[POST Request Body is : {"id":11,"category":{"id":0,"name":"string"},"name":"doggie-10","photoUrls":["string"],"tags":[{"id":0,"name":"string0"},{"id":1,"name":"string1"}],"status":"available"}]]>
            </line>
            <line>
              <![CDATA[POST Response Code is : 200]]>
            </line>
            <line>
              <![CDATA[POST Response Body is : {"id":11,"category":{"id":0,"name":"string"},"name":"doggie-10","photoUrls":["string"],"tags":[{"id":0,"name":"string0"},{"id":1,"name":"string1"}],"status":"available"}]]>
            </line>
            <line>
              <![CDATA[---Test PASSED--->testcases.RegisterPet.petRegistration]]>
            </line>
          </reporter-output>
        </test-method> <!-- petRegistration -->
      </class> <!-- testcases.RegisterPet -->
      <class name="testcases.GetPetDetailsById">
        <test-method status="PASS" signature="setUpRequest()[pri:0, instance:testcases.GetPetDetailsById@cd2dae5]" name="setUpRequest" is-config="true" duration-ms="1015" started-at="2019-11-12T19:55:02 IST" finished-at="2019-11-12T19:55:03 IST">
          <reporter-output>
          </reporter-output>
        </test-method> <!-- setUpRequest -->
        <test-method status="PASS" signature="setUpTestData()[pri:0, instance:testcases.GetPetDetailsById@cd2dae5]" name="setUpTestData" is-config="true" duration-ms="11343" started-at="2019-11-12T19:55:03 IST" finished-at="2019-11-12T19:55:15 IST">
          <reporter-output>
            <line>
              <![CDATA[Setting up test data.]]>
            </line>
            <line>
              <![CDATA[POST Request URL is : https://petstore.swagger.io/v2/pet]]>
            </line>
            <line>
              <![CDATA[POST Request Body is : {"id":11,"category":{"id":0,"name":"string"},"name":"doggie-10","photoUrls":["string"],"tags":[{"id":0,"name":"string0"},{"id":1,"name":"string1"}],"status":"available"}]]>
            </line>
            <line>
              <![CDATA[POST Response Code is : 200]]>
            </line>
            <line>
              <![CDATA[POST Response Body is : {"id":11,"category":{"id":0,"name":"string"},"name":"doggie-10","photoUrls":["string"],"tags":[{"id":0,"name":"string0"},{"id":1,"name":"string1"}],"status":"available"}]]>
            </line>
            <line>
              <![CDATA[PetId is set to: 11]]>
            </line>
          </reporter-output>
        </test-method> <!-- setUpTestData -->
        <test-method status="PASS" signature="getPetDetails()[pri:0, instance:testcases.GetPetDetailsById@cd2dae5]" name="getPetDetails" duration-ms="4011" started-at="2019-11-12T19:55:20 IST" finished-at="2019-11-12T19:55:24 IST">
          <reporter-output>
            <line>
              <![CDATA[******************************************]]>
            </line>
            <line>
              <![CDATA[---Test STARTED--->testcases.GetPetDetailsById.getPetDetails]]>
            </line>
            <line>
              <![CDATA[Setting up test data.]]>
            </line>
            <line>
              <![CDATA[POST Request URL is : https://petstore.swagger.io/v2/pet]]>
            </line>
            <line>
              <![CDATA[POST Request Body is : {"id":11,"category":{"id":0,"name":"string"},"name":"doggie-10","photoUrls":["string"],"tags":[{"id":0,"name":"string0"},{"id":1,"name":"string1"}],"status":"available"}]]>
            </line>
            <line>
              <![CDATA[POST Response Code is : 200]]>
            </line>
            <line>
              <![CDATA[POST Response Body is : {"id":11,"category":{"id":0,"name":"string"},"name":"doggie-10","photoUrls":["string"],"tags":[{"id":0,"name":"string0"},{"id":1,"name":"string1"}],"status":"available"}]]>
            </line>
            <line>
              <![CDATA[PetId is set to: 11]]>
            </line>
            <line>
              <![CDATA[GET Request URL is : https://petstore.swagger.io/v2/pet/11]]>
            </line>
            <line>
              <![CDATA[GET Response Code is : 200]]>
            </line>
            <line>
              <![CDATA[GET Response Body is : {"id":11,"category":{"id":0,"name":"string"},"name":"doggie-10","photoUrls":["string"],"tags":[{"id":0,"name":"string0"},{"id":1,"name":"string1"}],"status":"available"}]]>
            </line>
            <line>
              <![CDATA[---Test PASSED--->testcases.GetPetDetailsById.getPetDetails]]>
            </line>
          </reporter-output>
        </test-method> <!-- getPetDetails -->
      </class> <!-- testcases.GetPetDetailsById -->
      <class name="testcases.UpdatePet">
        <test-method status="PASS" signature="updatePetDetails()[pri:0, instance:testcases.UpdatePet@79be0360]" name="updatePetDetails" duration-ms="1697" started-at="2019-11-12T19:55:26 IST" finished-at="2019-11-12T19:55:27 IST">
          <reporter-output>
            <line>
              <![CDATA[******************************************]]>
            </line>
            <line>
              <![CDATA[---Test STARTED--->testcases.UpdatePet.updatePetDetails]]>
            </line>
            <line>
              <![CDATA[PUT Request URL is : https://petstore.swagger.io/v2/pet]]>
            </line>
            <line>
              <![CDATA[PUT Request Body is : {"id":11,"category":{"id":0,"name":"string"},"name":"doggie-10","photoUrls":["string"],"tags":[{"id":0,"name":"string0"},{"id":1,"name":"string1"}],"status":"available"}]]>
            </line>
            <line>
              <![CDATA[PUT Response Code is : 200]]>
            </line>
            <line>
              <![CDATA[PUT Response Body is : {"id":11,"category":{"id":0,"name":"string"},"name":"doggie-10","photoUrls":["string"],"tags":[{"id":0,"name":"string0"},{"id":1,"name":"string1"}],"status":"available"}]]>
            </line>
            <line>
              <![CDATA[---Test PASSED--->testcases.UpdatePet.updatePetDetails]]>
            </line>
          </reporter-output>
        </test-method> <!-- updatePetDetails -->
      </class> <!-- testcases.UpdatePet -->
      <class name="testcases.PetManagement">
        <test-method status="PASS" signature="petRegistration()[pri:0, instance:testcases.PetManagement@3a883ce7]" name="petRegistration" duration-ms="1652" started-at="2019-11-12T19:55:24 IST" finished-at="2019-11-12T19:55:26 IST">
          <reporter-output>
            <line>
              <![CDATA[******************************************]]>
            </line>
            <line>
              <![CDATA[---Test STARTED--->testcases.PetManagement.petRegistration]]>
            </line>
            <line>
              <![CDATA[POST Request URL is : https://petstore.swagger.io/v2/pet]]>
            </line>
            <line>
              <![CDATA[POST Request Body is : {"id":11,"category":{"id":0,"name":"string"},"name":"doggie-10","photoUrls":["string"],"tags":[{"id":0,"name":"string0"},{"id":1,"name":"string1"}],"status":"available"}]]>
            </line>
            <line>
              <![CDATA[POST Response Code is : 200]]>
            </line>
            <line>
              <![CDATA[POST Response Body is : {"id":11,"category":{"id":0,"name":"string"},"name":"doggie-10","photoUrls":["string"],"tags":[{"id":0,"name":"string0"},{"id":1,"name":"string1"}],"status":"available"}]]>
            </line>
            <line>
              <![CDATA[---Test PASSED--->testcases.PetManagement.petRegistration]]>
            </line>
          </reporter-output>
        </test-method> <!-- petRegistration -->
        <test-method status="PASS" signature="getPetDetails()[pri:1, instance:testcases.PetManagement@3a883ce7]" name="getPetDetails" duration-ms="1590" started-at="2019-11-12T19:55:27 IST" finished-at="2019-11-12T19:55:29 IST">
          <reporter-output>
            <line>
              <![CDATA[******************************************]]>
            </line>
            <line>
              <![CDATA[---Test STARTED--->testcases.PetManagement.getPetDetails]]>
            </line>
            <line>
              <![CDATA[GET Request URL is : https://petstore.swagger.io/v2/pet/11]]>
            </line>
            <line>
              <![CDATA[GET Response Code is : 200]]>
            </line>
            <line>
              <![CDATA[GET Response Body is : {"id":11,"category":{"id":0,"name":"string"},"name":"doggie-10","photoUrls":["string"],"tags":[{"id":0,"name":"string0"},{"id":1,"name":"string1"}],"status":"available"}]]>
            </line>
            <line>
              <![CDATA[---Test PASSED--->testcases.PetManagement.getPetDetails]]>
            </line>
          </reporter-output>
        </test-method> <!-- getPetDetails -->
        <test-method status="PASS" signature="updatePetDetails()[pri:2, instance:testcases.PetManagement@3a883ce7]" name="updatePetDetails" duration-ms="1721" started-at="2019-11-12T19:55:29 IST" finished-at="2019-11-12T19:55:31 IST">
          <reporter-output>
            <line>
              <![CDATA[******************************************]]>
            </line>
            <line>
              <![CDATA[---Test STARTED--->testcases.PetManagement.updatePetDetails]]>
            </line>
            <line>
              <![CDATA[PUT Request URL is : https://petstore.swagger.io/v2/pet]]>
            </line>
            <line>
              <![CDATA[PUT Request Body is : {"id":11,"category":{"id":0,"name":"string"},"name":"doggie-10","photoUrls":["string"],"tags":[{"id":0,"name":"string0"},{"id":1,"name":"string1"}],"status":"available"}]]>
            </line>
            <line>
              <![CDATA[PUT Response Code is : 200]]>
            </line>
            <line>
              <![CDATA[PUT Response Body is : {"id":11,"category":{"id":0,"name":"string"},"name":"doggie-10","photoUrls":["string"],"tags":[{"id":0,"name":"string0"},{"id":1,"name":"string1"}],"status":"available"}]]>
            </line>
            <line>
              <![CDATA[---Test PASSED--->testcases.PetManagement.updatePetDetails]]>
            </line>
          </reporter-output>
        </test-method> <!-- updatePetDetails -->
        <test-method status="PASS" signature="deletePetDetails()[pri:3, instance:testcases.PetManagement@3a883ce7]" name="deletePetDetails" duration-ms="3663" started-at="2019-11-12T19:55:31 IST" finished-at="2019-11-12T19:55:34 IST">
          <reporter-output>
            <line>
              <![CDATA[******************************************]]>
            </line>
            <line>
              <![CDATA[---Test STARTED--->testcases.PetManagement.deletePetDetails]]>
            </line>
            <line>
              <![CDATA[Setting up test data.]]>
            </line>
            <line>
              <![CDATA[POST Request URL is : https://petstore.swagger.io/v2/pet]]>
            </line>
            <line>
              <![CDATA[POST Request Body is : {"id":11,"category":{"id":0,"name":"string"},"name":"doggie-10","photoUrls":["string"],"tags":[{"id":0,"name":"string0"},{"id":1,"name":"string1"}],"status":"available"}]]>
            </line>
            <line>
              <![CDATA[POST Response Code is : 200]]>
            </line>
            <line>
              <![CDATA[POST Response Body is : {"id":11,"category":{"id":0,"name":"string"},"name":"doggie-10","photoUrls":["string"],"tags":[{"id":0,"name":"string0"},{"id":1,"name":"string1"}],"status":"available"}]]>
            </line>
            <line>
              <![CDATA[PetId is set to: 11]]>
            </line>
            <line>
              <![CDATA[DELETE Request URL is : https://petstore.swagger.io/v2/pet/11]]>
            </line>
            <line>
              <![CDATA[DELETE Response Code is : 200]]>
            </line>
            <line>
              <![CDATA[---Test PASSED--->testcases.PetManagement.deletePetDetails]]>
            </line>
          </reporter-output>
        </test-method> <!-- deletePetDetails -->
      </class> <!-- testcases.PetManagement -->
    </test> <!-- Test -->
  </suite> <!-- ServiceSuite -->
</testng-results>
